Arguments: 
  /Users/tchayen/.nvm/versions/node/v15.13.0/bin/node /usr/local/Cellar/yarn/1.22.10/libexec/bin/yarn.js add @babel/core

PATH: 
  /Users/tchayen/.rvm/gems/ruby-2.7.2/bin:/Users/tchayen/.rvm/gems/ruby-2.7.2@global/bin:/Users/tchayen/.rvm/rubies/ruby-2.7.2/bin:/Users/tchayen/Downloads/google-cloud-sdk/bin:/Users/tchayen/.nvm/versions/node/v15.13.0/bin:/opt/local/bin:/opt/local/sbin:/usr/local/bin:/usr/bin:/bin:/usr/sbin:/sbin:/Library/TeX/texbin:/Library/Apple/usr/bin:/Users/tchayen/Library/Android/sdk/emulator:/Users/tchayen/Library/Android/sdk/tools:/Users/tchayen/Library/Android/sdk/tools/bin:/Users/tchayen/Library/Android/sdk/platform-tools:/Users/tchayen/apps:/Applications/Visual Studio Code.app/Contents/Resources/app/bin:/usr/local/texlive/2020/bin/x86_64-darwin:/Users/tchayen/.rvm/bin

Yarn version: 
  1.22.10

Node version: 
  15.13.0

Platform: 
  darwin x64

Trace: 
  SyntaxError: /Users/tchayen/lab/remini/packages/vite-plugin/package.json: Unexpected end of JSON input
      at JSON.parse (<anonymous>)
      at /usr/local/Cellar/yarn/1.22.10/libexec/lib/cli.js:1625:59
      at Generator.next (<anonymous>)
      at step (/usr/local/Cellar/yarn/1.22.10/libexec/lib/cli.js:310:30)
      at /usr/local/Cellar/yarn/1.22.10/libexec/lib/cli.js:321:13

npm manifest: 
  

yarn manifest: 
  No manifest

Lockfile: 
  No lockfile
